<?xml version="1.0" encoding="UTF-8"?>
<testsuite name="example.cashcard.CashCardJsonTest" tests="4" skipped="0" failures="0" errors="0" timestamp="2025-05-23T09:15:04" hostname="DAVEACE" time="0.049">
  <properties/>
  <testcase name="cashCardSerializationTest()" classname="example.cashcard.CashCardJsonTest" time="0.025"/>
  <testcase name="cashCardDeserializationTest()" classname="example.cashcard.CashCardJsonTest" time="0.009"/>
  <testcase name="cashCardListSerializationTest()" classname="example.cashcard.CashCardJsonTest" time="0.009"/>
  <testcase name="cashCardListDeserializationTest()" classname="example.cashcard.CashCardJsonTest" time="0.002"/>
  <system-out><![CDATA[2025-05-23T10:15:04.458+01:00  INFO 19488 --- [    Test worker] t.c.s.AnnotationConfigContextLoaderUtils : Could not detect default configuration classes for test class [example.cashcard.CashCardJsonTest]: CashCardJsonTest does not declare any static, non-private, non-final, nested classes annotated with @Configuration.
2025-05-23T10:15:04.473+01:00  INFO 19488 --- [    Test worker] .b.t.c.SpringBootTestContextBootstrapper : Found @SpringBootConfiguration example.cashcard.CashCardApplication for test class example.cashcard.CashCardJsonTest

  .   ____          _            __ _ _
 /\\ / ___'_ __ _ _(_)_ __  __ _ \ \ \ \
( ( )\___ | '_ | '_| | '_ \/ _` | \ \ \ \
 \\/  ___)| |_)| | | | | || (_| |  ) ) ) )
  '  |____| .__|_| |_|_| |_\__, | / / / /
 =========|_|==============|___/=/_/_/_/
 :: Spring Boot ::                (v3.1.4)

2025-05-23T10:15:04.505+01:00  INFO 19488 --- [    Test worker] example.cashcard.CashCardJsonTest        : Starting CashCardJsonTest using Java 17.0.10 with PID 19488 (started by Admin in C:\Users\Admin\Documents\dev\cashcards)
2025-05-23T10:15:04.506+01:00  INFO 19488 --- [    Test worker] example.cashcard.CashCardJsonTest        : No active profile set, falling back to 1 default profile: "default"
2025-05-23T10:15:04.585+01:00  INFO 19488 --- [    Test worker] example.cashcard.CashCardJsonTest        : Started CashCardJsonTest in 0.108 seconds (process running for 14.978)
]]></system-out>
  <system-err><![CDATA[]]></system-err>
</testsuite>
