<?xml version="1.0" encoding="UTF-8"?>
<testsuite name="example.cashcard.CashCardApplicationTests" tests="16" skipped="0" failures="0" errors="0" timestamp="2025-05-23T09:14:55" hostname="DAVEACE" time="8.477">
  <properties/>
  <testcase name="shouldReturnASortedPageOfCashCards()" classname="example.cashcard.CashCardApplicationTests" time="2.014"/>
  <testcase name="shouldNotAllowDeletionOfCashCardsTheyDoNotOwn()" classname="example.cashcard.CashCardApplicationTests" time="0.201"/>
  <testcase name="shouldDeleteAnExistingCashCard()" classname="example.cashcard.CashCardApplicationTests" time="0.471"/>
  <testcase name="shouldNotAllowAccessToCashCardsTheyDoNotOwn()" classname="example.cashcard.CashCardApplicationTests" time="0.21"/>
  <testcase name="shouldNotUpdateACashCardThatIsOwnedBySomeoneElse()" classname="example.cashcard.CashCardApplicationTests" time="0.176"/>
  <testcase name="shouldReturnACashCardWhenDataIsSaved()" classname="example.cashcard.CashCardApplicationTests" time="0.105"/>
  <testcase name="shouldNotDeleteACashCardThatDoesNotExist()" classname="example.cashcard.CashCardApplicationTests" time="0.097"/>
  <testcase name="shouldCreateANewCashCard()" classname="example.cashcard.CashCardApplicationTests" time="0.46"/>
  <testcase name="shouldRejectUsersWhoAreNotCardOwners()" classname="example.cashcard.CashCardApplicationTests" time="0.235"/>
  <testcase name="shouldReturnAPageOfCashCards()" classname="example.cashcard.CashCardApplicationTests" time="0.159"/>
  <testcase name="shouldUpdateAnExistingCashCard()" classname="example.cashcard.CashCardApplicationTests" time="0.515"/>
  <testcase name="shouldNotUpdateACashCardThatDoesNotExist()" classname="example.cashcard.CashCardApplicationTests" time="0.269"/>
  <testcase name="shouldNotReturnACashCardWhenUsingBadCredentials()" classname="example.cashcard.CashCardApplicationTests" time="0.207"/>
  <testcase name="shouldReturnAllCashCardsWhenListIsRequested()" classname="example.cashcard.CashCardApplicationTests" time="0.12"/>
  <testcase name="shouldReturnASortedPageOfCashCardsWithNoParametersAndUseDefaultValues()" classname="example.cashcard.CashCardApplicationTests" time="0.094"/>
  <testcase name="shouldNotReturnACashCardWithAnUnknownId()" classname="example.cashcard.CashCardApplicationTests" time="0.095"/>
  <system-out><![CDATA[10:14:50.932 [Test worker] INFO org.springframework.test.context.support.AnnotationConfigContextLoaderUtils -- Could not detect default configuration classes for test class [example.cashcard.CashCardApplicationTests]: CashCardApplicationTests does not declare any static, non-private, non-final, nested classes annotated with @Configuration.
10:14:51.104 [Test worker] INFO org.springframework.boot.test.context.SpringBootTestContextBootstrapper -- Found @SpringBootConfiguration example.cashcard.CashCardApplication for test class example.cashcard.CashCardApplicationTests

  .   ____          _            __ _ _
 /\\ / ___'_ __ _ _(_)_ __  __ _ \ \ \ \
( ( )\___ | '_ | '_| | '_ \/ _` | \ \ \ \
 \\/  ___)| |_)| | | | | || (_| |  ) ) ) )
  '  |____| .__|_| |_|_| |_\__, | / / / /
 =========|_|==============|___/=/_/_/_/
 :: Spring Boot ::                (v3.1.4)

2025-05-23T10:14:51.700+01:00  INFO 19488 --- [    Test worker] e.cashcard.CashCardApplicationTests      : Starting CashCardApplicationTests using Java 17.0.10 with PID 19488 (started by Admin in C:\Users\Admin\Documents\dev\cashcards)
2025-05-23T10:14:51.703+01:00  INFO 19488 --- [    Test worker] e.cashcard.CashCardApplicationTests      : No active profile set, falling back to 1 default profile: "default"
2025-05-23T10:14:52.717+01:00  INFO 19488 --- [    Test worker] .s.d.r.c.RepositoryConfigurationDelegate : Bootstrapping Spring Data JDBC repositories in DEFAULT mode.
2025-05-23T10:14:52.787+01:00  INFO 19488 --- [    Test worker] .s.d.r.c.RepositoryConfigurationDelegate : Finished Spring Data repository scanning in 63 ms. Found 1 JDBC repository interfaces.
2025-05-23T10:14:53.664+01:00  INFO 19488 --- [    Test worker] o.s.b.w.embedded.tomcat.TomcatWebServer  : Tomcat initialized with port(s): 0 (http)
2025-05-23T10:14:53.679+01:00  INFO 19488 --- [    Test worker] o.apache.catalina.core.StandardService   : Starting service [Tomcat]
2025-05-23T10:14:53.680+01:00  INFO 19488 --- [    Test worker] o.apache.catalina.core.StandardEngine    : Starting Servlet engine: [Apache Tomcat/10.1.13]
2025-05-23T10:14:53.807+01:00  INFO 19488 --- [    Test worker] o.a.c.c.C.[Tomcat].[localhost].[/]       : Initializing Spring embedded WebApplicationContext
2025-05-23T10:14:53.809+01:00  INFO 19488 --- [    Test worker] w.s.c.ServletWebServerApplicationContext : Root WebApplicationContext: initialization completed in 2071 ms
2025-05-23T10:14:53.950+01:00  INFO 19488 --- [    Test worker] o.s.j.d.e.EmbeddedDatabaseFactory        : Starting embedded database: url='jdbc:h2:mem:f92ec325-0f7d-495d-824e-87d5d745ace7;DB_CLOSE_DELAY=-1;DB_CLOSE_ON_EXIT=false', username='sa'
2025-05-23T10:14:55.641+01:00  INFO 19488 --- [    Test worker] o.s.s.web.DefaultSecurityFilterChain     : Will secure any request with [org.springframework.security.web.session.DisableEncodeUrlFilter@18faaff6, org.springframework.security.web.context.request.async.WebAsyncManagerIntegrationFilter@2a9e754e, org.springframework.security.web.context.SecurityContextHolderFilter@1ff463bb, org.springframework.security.web.header.HeaderWriterFilter@3b33fff9, org.springframework.security.web.authentication.logout.LogoutFilter@2d38db6f, org.springframework.security.web.authentication.www.BasicAuthenticationFilter@48af5f38, org.springframework.security.web.savedrequest.RequestCacheAwareFilter@7769d9b6, org.springframework.security.web.servletapi.SecurityContextHolderAwareRequestFilter@5af38a4a, org.springframework.security.web.authentication.AnonymousAuthenticationFilter@760a2b6e, org.springframework.security.web.access.ExceptionTranslationFilter@7bce9ce4, org.springframework.security.web.access.intercept.AuthorizationFilter@32b95de]
2025-05-23T10:14:55.943+01:00  INFO 19488 --- [    Test worker] o.s.b.w.embedded.tomcat.TomcatWebServer  : Tomcat started on port(s): 57619 (http) with context path ''
2025-05-23T10:14:55.958+01:00  INFO 19488 --- [    Test worker] e.cashcard.CashCardApplicationTests      : Started CashCardApplicationTests in 4.666 seconds (process running for 6.35)
2025-05-23T10:14:57.452+01:00  INFO 19488 --- [o-auto-1-exec-1] o.a.c.c.C.[Tomcat].[localhost].[/]       : Initializing Spring DispatcherServlet 'dispatcherServlet'
2025-05-23T10:14:57.452+01:00  INFO 19488 --- [o-auto-1-exec-1] o.s.web.servlet.DispatcherServlet        : Initializing Servlet 'dispatcherServlet'
2025-05-23T10:14:57.453+01:00  INFO 19488 --- [o-auto-1-exec-1] o.s.web.servlet.DispatcherServlet        : Completed initialization in 1 ms
2025-05-23T10:14:58.439+01:00  INFO 19488 --- [    Test worker] o.apache.catalina.core.StandardService   : Stopping service [Tomcat]
2025-05-23T10:14:58.444+01:00  INFO 19488 --- [    Test worker] o.a.c.c.C.[Tomcat].[localhost].[/]       : Destroying Spring FrameworkServlet 'dispatcherServlet'
2025-05-23T10:14:58.454+01:00  INFO 19488 --- [    Test worker] o.s.j.d.e.EmbeddedDatabaseFactory        : Shutting down embedded database: url='jdbc:h2:mem:f92ec325-0f7d-495d-824e-87d5d745ace7;DB_CLOSE_DELAY=-1;DB_CLOSE_ON_EXIT=false'

  .   ____          _            __ _ _
 /\\ / ___'_ __ _ _(_)_ __  __ _ \ \ \ \
( ( )\___ | '_ | '_| | '_ \/ _` | \ \ \ \
 \\/  ___)| |_)| | | | | || (_| |  ) ) ) )
  '  |____| .__|_| |_|_| |_\__, | / / / /
 =========|_|==============|___/=/_/_/_/
 :: Spring Boot ::                (v3.1.4)

2025-05-23T10:14:58.710+01:00  INFO 19488 --- [    Test worker] e.cashcard.CashCardApplicationTests      : Starting CashCardApplicationTests using Java 17.0.10 with PID 19488 (started by Admin in C:\Users\Admin\Documents\dev\cashcards)
2025-05-23T10:14:58.710+01:00  INFO 19488 --- [    Test worker] e.cashcard.CashCardApplicationTests      : No active profile set, falling back to 1 default profile: "default"
2025-05-23T10:14:58.999+01:00  INFO 19488 --- [    Test worker] .s.d.r.c.RepositoryConfigurationDelegate : Bootstrapping Spring Data JDBC repositories in DEFAULT mode.
2025-05-23T10:14:59.015+01:00  INFO 19488 --- [    Test worker] .s.d.r.c.RepositoryConfigurationDelegate : Finished Spring Data repository scanning in 15 ms. Found 1 JDBC repository interfaces.
2025-05-23T10:14:59.160+01:00  INFO 19488 --- [    Test worker] o.s.b.w.embedded.tomcat.TomcatWebServer  : Tomcat initialized with port(s): 0 (http)
2025-05-23T10:14:59.162+01:00  INFO 19488 --- [    Test worker] o.apache.catalina.core.StandardService   : Starting service [Tomcat]
2025-05-23T10:14:59.163+01:00  INFO 19488 --- [    Test worker] o.apache.catalina.core.StandardEngine    : Starting Servlet engine: [Apache Tomcat/10.1.13]
2025-05-23T10:14:59.200+01:00  INFO 19488 --- [    Test worker] o.a.c.c.C.[Tomcat].[localhost].[/]       : Initializing Spring embedded WebApplicationContext
2025-05-23T10:14:59.200+01:00  INFO 19488 --- [    Test worker] w.s.c.ServletWebServerApplicationContext : Root WebApplicationContext: initialization completed in 484 ms
2025-05-23T10:14:59.228+01:00  INFO 19488 --- [    Test worker] o.s.j.d.e.EmbeddedDatabaseFactory        : Starting embedded database: url='jdbc:h2:mem:315ff979-5f11-4dc1-9ded-f0cc6ebad6a5;DB_CLOSE_DELAY=-1;DB_CLOSE_ON_EXIT=false', username='sa'
2025-05-23T10:14:59.679+01:00  INFO 19488 --- [    Test worker] o.s.s.web.DefaultSecurityFilterChain     : Will secure any request with [org.springframework.security.web.session.DisableEncodeUrlFilter@556944cd, org.springframework.security.web.context.request.async.WebAsyncManagerIntegrationFilter@370a935f, org.springframework.security.web.context.SecurityContextHolderFilter@7be1e187, org.springframework.security.web.header.HeaderWriterFilter@4fd00e10, org.springframework.security.web.authentication.logout.LogoutFilter@5fa9971f, org.springframework.security.web.authentication.www.BasicAuthenticationFilter@46eb2260, org.springframework.security.web.savedrequest.RequestCacheAwareFilter@1107c465, org.springframework.security.web.servletapi.SecurityContextHolderAwareRequestFilter@64df8422, org.springframework.security.web.authentication.AnonymousAuthenticationFilter@7e017f47, org.springframework.security.web.access.ExceptionTranslationFilter@5c552f08, org.springframework.security.web.access.intercept.AuthorizationFilter@684430c1]
2025-05-23T10:14:59.807+01:00  INFO 19488 --- [    Test worker] o.s.b.w.embedded.tomcat.TomcatWebServer  : Tomcat started on port(s): 57626 (http) with context path ''
2025-05-23T10:14:59.811+01:00  INFO 19488 --- [    Test worker] e.cashcard.CashCardApplicationTests      : Started CashCardApplicationTests in 1.145 seconds (process running for 10.204)
2025-05-23T10:14:59.825+01:00  INFO 19488 --- [o-auto-2-exec-1] o.a.c.c.C.[Tomcat].[localhost].[/]       : Initializing Spring DispatcherServlet 'dispatcherServlet'
2025-05-23T10:14:59.825+01:00  INFO 19488 --- [o-auto-2-exec-1] o.s.web.servlet.DispatcherServlet        : Initializing Servlet 'dispatcherServlet'
2025-05-23T10:14:59.826+01:00  INFO 19488 --- [o-auto-2-exec-1] o.s.web.servlet.DispatcherServlet        : Completed initialization in 1 ms
2025-05-23T10:15:00.657+01:00  INFO 19488 --- [    Test worker] o.apache.catalina.core.StandardService   : Stopping service [Tomcat]
2025-05-23T10:15:00.657+01:00  INFO 19488 --- [    Test worker] o.a.c.c.C.[Tomcat].[localhost].[/]       : Destroying Spring FrameworkServlet 'dispatcherServlet'
2025-05-23T10:15:00.660+01:00  INFO 19488 --- [    Test worker] o.s.j.d.e.EmbeddedDatabaseFactory        : Shutting down embedded database: url='jdbc:h2:mem:315ff979-5f11-4dc1-9ded-f0cc6ebad6a5;DB_CLOSE_DELAY=-1;DB_CLOSE_ON_EXIT=false'

  .   ____          _            __ _ _
 /\\ / ___'_ __ _ _(_)_ __  __ _ \ \ \ \
( ( )\___ | '_ | '_| | '_ \/ _` | \ \ \ \
 \\/  ___)| |_)| | | | | || (_| |  ) ) ) )
  '  |____| .__|_| |_|_| |_\__, | / / / /
 =========|_|==============|___/=/_/_/_/
 :: Spring Boot ::                (v3.1.4)

2025-05-23T10:15:00.913+01:00  INFO 19488 --- [    Test worker] e.cashcard.CashCardApplicationTests      : Starting CashCardApplicationTests using Java 17.0.10 with PID 19488 (started by Admin in C:\Users\Admin\Documents\dev\cashcards)
2025-05-23T10:15:00.914+01:00  INFO 19488 --- [    Test worker] e.cashcard.CashCardApplicationTests      : No active profile set, falling back to 1 default profile: "default"
2025-05-23T10:15:01.105+01:00  INFO 19488 --- [    Test worker] .s.d.r.c.RepositoryConfigurationDelegate : Bootstrapping Spring Data JDBC repositories in DEFAULT mode.
2025-05-23T10:15:01.117+01:00  INFO 19488 --- [    Test worker] .s.d.r.c.RepositoryConfigurationDelegate : Finished Spring Data repository scanning in 10 ms. Found 1 JDBC repository interfaces.
2025-05-23T10:15:01.210+01:00  INFO 19488 --- [    Test worker] o.s.b.w.embedded.tomcat.TomcatWebServer  : Tomcat initialized with port(s): 0 (http)
2025-05-23T10:15:01.212+01:00  INFO 19488 --- [    Test worker] o.apache.catalina.core.StandardService   : Starting service [Tomcat]
2025-05-23T10:15:01.213+01:00  INFO 19488 --- [    Test worker] o.apache.catalina.core.StandardEngine    : Starting Servlet engine: [Apache Tomcat/10.1.13]
2025-05-23T10:15:01.244+01:00  INFO 19488 --- [    Test worker] o.a.c.c.C.[Tomcat].[localhost].[/]       : Initializing Spring embedded WebApplicationContext
2025-05-23T10:15:01.244+01:00  INFO 19488 --- [    Test worker] w.s.c.ServletWebServerApplicationContext : Root WebApplicationContext: initialization completed in 326 ms
2025-05-23T10:15:01.266+01:00  INFO 19488 --- [    Test worker] o.s.j.d.e.EmbeddedDatabaseFactory        : Starting embedded database: url='jdbc:h2:mem:4102a449-7f5e-4cb7-a925-a0fb3790526f;DB_CLOSE_DELAY=-1;DB_CLOSE_ON_EXIT=false', username='sa'
2025-05-23T10:15:01.662+01:00  INFO 19488 --- [    Test worker] o.s.s.web.DefaultSecurityFilterChain     : Will secure any request with [org.springframework.security.web.session.DisableEncodeUrlFilter@56f19f36, org.springframework.security.web.context.request.async.WebAsyncManagerIntegrationFilter@2faae7f6, org.springframework.security.web.context.SecurityContextHolderFilter@1104ad6a, org.springframework.security.web.header.HeaderWriterFilter@2fca9fae, org.springframework.security.web.authentication.logout.LogoutFilter@3c717ef2, org.springframework.security.web.authentication.www.BasicAuthenticationFilter@61c0fb12, org.springframework.security.web.savedrequest.RequestCacheAwareFilter@54d2887a, org.springframework.security.web.servletapi.SecurityContextHolderAwareRequestFilter@73e63b4d, org.springframework.security.web.authentication.AnonymousAuthenticationFilter@673a5aa7, org.springframework.security.web.access.ExceptionTranslationFilter@3f030217, org.springframework.security.web.access.intercept.AuthorizationFilter@3e5ed0d4]
2025-05-23T10:15:01.724+01:00  INFO 19488 --- [    Test worker] o.s.b.w.embedded.tomcat.TomcatWebServer  : Tomcat started on port(s): 57630 (http) with context path ''
2025-05-23T10:15:01.728+01:00  INFO 19488 --- [    Test worker] e.cashcard.CashCardApplicationTests      : Started CashCardApplicationTests in 0.853 seconds (process running for 12.121)
2025-05-23T10:15:01.737+01:00  INFO 19488 --- [o-auto-3-exec-1] o.a.c.c.C.[Tomcat].[localhost].[/]       : Initializing Spring DispatcherServlet 'dispatcherServlet'
2025-05-23T10:15:01.737+01:00  INFO 19488 --- [o-auto-3-exec-1] o.s.web.servlet.DispatcherServlet        : Initializing Servlet 'dispatcherServlet'
2025-05-23T10:15:01.739+01:00  INFO 19488 --- [o-auto-3-exec-1] o.s.web.servlet.DispatcherServlet        : Completed initialization in 1 ms
2025-05-23T10:15:02.425+01:00  INFO 19488 --- [    Test worker] o.apache.catalina.core.StandardService   : Stopping service [Tomcat]
2025-05-23T10:15:02.426+01:00  INFO 19488 --- [    Test worker] o.a.c.c.C.[Tomcat].[localhost].[/]       : Destroying Spring FrameworkServlet 'dispatcherServlet'
2025-05-23T10:15:02.432+01:00  INFO 19488 --- [    Test worker] o.s.j.d.e.EmbeddedDatabaseFactory        : Shutting down embedded database: url='jdbc:h2:mem:4102a449-7f5e-4cb7-a925-a0fb3790526f;DB_CLOSE_DELAY=-1;DB_CLOSE_ON_EXIT=false'

  .   ____          _            __ _ _
 /\\ / ___'_ __ _ _(_)_ __  __ _ \ \ \ \
( ( )\___ | '_ | '_| | '_ \/ _` | \ \ \ \
 \\/  ___)| |_)| | | | | || (_| |  ) ) ) )
  '  |____| .__|_| |_|_| |_\__, | / / / /
 =========|_|==============|___/=/_/_/_/
 :: Spring Boot ::                (v3.1.4)

2025-05-23T10:15:02.685+01:00  INFO 19488 --- [    Test worker] e.cashcard.CashCardApplicationTests      : Starting CashCardApplicationTests using Java 17.0.10 with PID 19488 (started by Admin in C:\Users\Admin\Documents\dev\cashcards)
2025-05-23T10:15:02.685+01:00  INFO 19488 --- [    Test worker] e.cashcard.CashCardApplicationTests      : No active profile set, falling back to 1 default profile: "default"
2025-05-23T10:15:02.912+01:00  INFO 19488 --- [    Test worker] .s.d.r.c.RepositoryConfigurationDelegate : Bootstrapping Spring Data JDBC repositories in DEFAULT mode.
2025-05-23T10:15:02.927+01:00  INFO 19488 --- [    Test worker] .s.d.r.c.RepositoryConfigurationDelegate : Finished Spring Data repository scanning in 13 ms. Found 1 JDBC repository interfaces.
2025-05-23T10:15:03.016+01:00  INFO 19488 --- [    Test worker] o.s.b.w.embedded.tomcat.TomcatWebServer  : Tomcat initialized with port(s): 0 (http)
2025-05-23T10:15:03.017+01:00  INFO 19488 --- [    Test worker] o.apache.catalina.core.StandardService   : Starting service [Tomcat]
2025-05-23T10:15:03.018+01:00  INFO 19488 --- [    Test worker] o.apache.catalina.core.StandardEngine    : Starting Servlet engine: [Apache Tomcat/10.1.13]
2025-05-23T10:15:03.059+01:00  INFO 19488 --- [    Test worker] o.a.c.c.C.[Tomcat].[localhost].[/]       : Initializing Spring embedded WebApplicationContext
2025-05-23T10:15:03.060+01:00  INFO 19488 --- [    Test worker] w.s.c.ServletWebServerApplicationContext : Root WebApplicationContext: initialization completed in 371 ms
2025-05-23T10:15:03.089+01:00  INFO 19488 --- [    Test worker] o.s.j.d.e.EmbeddedDatabaseFactory        : Starting embedded database: url='jdbc:h2:mem:cc614253-462b-4052-8261-e089f8659cbe;DB_CLOSE_DELAY=-1;DB_CLOSE_ON_EXIT=false', username='sa'
2025-05-23T10:15:03.573+01:00  INFO 19488 --- [    Test worker] o.s.s.web.DefaultSecurityFilterChain     : Will secure any request with [org.springframework.security.web.session.DisableEncodeUrlFilter@3358805a, org.springframework.security.web.context.request.async.WebAsyncManagerIntegrationFilter@77e261e3, org.springframework.security.web.context.SecurityContextHolderFilter@53570fff, org.springframework.security.web.header.HeaderWriterFilter@44ba9f25, org.springframework.security.web.authentication.logout.LogoutFilter@4767be27, org.springframework.security.web.authentication.www.BasicAuthenticationFilter@493489dd, org.springframework.security.web.savedrequest.RequestCacheAwareFilter@6e5df971, org.springframework.security.web.servletapi.SecurityContextHolderAwareRequestFilter@3c7787a7, org.springframework.security.web.authentication.AnonymousAuthenticationFilter@642b71d6, org.springframework.security.web.access.ExceptionTranslationFilter@53202b06, org.springframework.security.web.access.intercept.AuthorizationFilter@46baac0d]
2025-05-23T10:15:03.646+01:00  INFO 19488 --- [    Test worker] o.s.b.w.embedded.tomcat.TomcatWebServer  : Tomcat started on port(s): 57633 (http) with context path ''
2025-05-23T10:15:03.650+01:00  INFO 19488 --- [    Test worker] e.cashcard.CashCardApplicationTests      : Started CashCardApplicationTests in 1.004 seconds (process running for 14.043)
2025-05-23T10:15:03.683+01:00  INFO 19488 --- [o-auto-4-exec-1] o.a.c.c.C.[Tomcat].[localhost].[/]       : Initializing Spring DispatcherServlet 'dispatcherServlet'
2025-05-23T10:15:03.683+01:00  INFO 19488 --- [o-auto-4-exec-1] o.s.web.servlet.DispatcherServlet        : Initializing Servlet 'dispatcherServlet'
2025-05-23T10:15:03.685+01:00  INFO 19488 --- [o-auto-4-exec-1] o.s.web.servlet.DispatcherServlet        : Completed initialization in 1 ms
]]></system-out>
  <system-err><![CDATA[]]></system-err>
</testsuite>
